<?xml version='1.0'?>
<ns2:test-suite xmlns:ns2='urn:model.allure.qatools.yandex.ru' start='1575363556347' stop='1575363564682'>
    <name>Test that the button is clickable since the Ajax loader completes loading</name>
    <title>Test that the button is clickable since the Ajax loader completes loading</title>
    <test-cases>
        <test-case start='1575363556349' status='pending' stop='1575363556349'>
            <name>Attempt to click the button asap</name>
            <title>Attempt to click the button asap</title>
            <labels/>
            <parameters/>
            <steps/>
            <attachments/>
            <failure>
                <message>Test ignored</message>
                <stack-trace>undefined</stack-trace>
            </failure>
        </test-case>
        <test-case start='1575363556350' status='broken' stop='1575363564681'>
            <name>Attempt to click the button after 7 seconds</name>
            <title>Attempt to click the button after 7 seconds</title>
            <labels>
                <label name='language' value='javascript'/>
                <label name='framework' value='wdio'/>
                <label name='thread' value='0-0'/>
            </labels>
            <parameters>
                <parameter kind='argument' name='browser' value='chrome'/>
                <parameter kind='environment-variable' name='capabilities' value='{"maxInstances":5,"browserName":"chrome"}'/>
                <parameter kind='environment-variable' name='spec files' value='["/Users/admin/Desktop/webdriverioFramework/tests/ajaxClickTest.js"]'/>
            </parameters>
            <steps>
                <step start='1575363556354' status='passed' stop='1575363556965'>
                    <name>POST /wd/hub/session/d1b50064dababc54d44db1a3d5ca2ef8/url</name>
                    <title>POST /wd/hub/session/d1b50064dababc54d44db1a3d5ca2ef8/url</title>
                    <attachments>
                        <attachment title='Request' source='c8190eba-a576-410a-b9e3-2c81ddf14cec-attachment.json' type='application/json' size='74'/>
                        <attachment title='Response' source='0793399d-3389-4816-93fe-73a5f022dd46-attachment.json' type='application/json' size='137'/>
                    </attachments>
                    <steps/>
                </step>
                <step start='1575363563973' status='passed' stop='1575363564001'>
                    <name>POST /wd/hub/session/d1b50064dababc54d44db1a3d5ca2ef8/element</name>
                    <title>POST /wd/hub/session/d1b50064dababc54d44db1a3d5ca2ef8/element</title>
                    <attachments>
                        <attachment title='Request' source='3936715f-b9ab-4866-b0b3-d2649ee5f608-attachment.json' type='application/json' size='47'/>
                        <attachment title='Response' source='d69dcdd4-37fc-4ded-a54c-d4b69ad2225a-attachment.json' type='application/json' size='881'/>
                    </attachments>
                    <steps/>
                </step>
                <step start='1575363564002' status='broken' stop='1575363564681'>
                    <name>GET /wd/hub/session/d1b50064dababc54d44db1a3d5ca2ef8/screenshot</name>
                    <title>GET /wd/hub/session/d1b50064dababc54d44db1a3d5ca2ef8/screenshot</title>
                    <attachments>
                        <attachment title='Screenshot' source='ddc1a292-e204-4f81-8f48-409e5431191b-attachment.png' type='image/png' size='27953'/>
                    </attachments>
                    <steps/>
                </step>
            </steps>
            <attachments/>
            <failure>
                <message>An element could not be located on the page using the given search parameters.</message>
                <stack-trace>Error: An element could not be located on the page using the given search parameters.
                    at click("#button155") - at element("#button155") - click.js:12:17</stack-trace>
            </failure>
        </test-case>
    </test-cases>
</ns2:test-suite>